{
"contracts/test/Attackers.sol":{"l":{"46":1,"57":1,"58":1,"59":1,"60":1,"61":1,"65":1,"66":1,"67":1,"68":0,"70":1,"73":1,"78":0,"85":1},"path":"/dev-server/contracts/contracts/test/Attackers.sol","s":{"1":1,"2":1,"3":1,"4":1,"5":0,"6":1},"b":{"1":[1,0]},"f":{"1":1,"2":1,"3":1,"4":0,"5":1},"fnMap":{"1":{"name":"constructor","line":45,"loc":{"start":{"line":45,"column":4},"end":{"line":47,"column":4}}},"2":{"name":"mint","line":49,"loc":{"start":{"line":49,"column":4},"end":{"line":62,"column":4}}},"3":{"name":"onERC721Received","line":64,"loc":{"start":{"line":64,"column":4},"end":{"line":74,"column":4}}},"4":{"name":"createToken","line":77,"loc":{"start":{"line":77,"column":4},"end":{"line":79,"column":4}}},"5":{"name":"callFactory","line":84,"loc":{"start":{"line":84,"column":4},"end":{"line":86,"column":4}}}},"statementMap":{"1":{"start":{"line":61,"column":8},"end":{"line":61,"column":55}},"2":{"start":{"line":65,"column":8},"end":{"line":65,"column":1916}},"3":{"start":{"line":67,"column":12},"end":{"line":67,"column":1972}},"4":{"start":{"line":73,"column":8},"end":{"line":73,"column":56}},"5":{"start":{"line":78,"column":8},"end":{"line":78,"column":94}},"6":{"start":{"line":85,"column":8},"end":{"line":85,"column":90}}},"branchMap":{"1":{"line":65,"type":"if","locations":[{"start":{"line":65,"column":8},"end":{"line":65,"column":8}},{"start":{"line":65,"column":8},"end":{"line":65,"column":8}}]}}},
"contracts/test/MockPositionManager.sol":{"l":{"27":23,"28":23,"32":2,"33":2,"37":2,"41":2,"45":3,"46":3,"47":3,"48":3,"49":3,"50":3,"51":3,"52":1,"74":5},"path":"/dev-server/contracts/contracts/test/MockPositionManager.sol","s":{"1":23,"2":3,"3":3,"4":1,"5":5},"b":{"1":[0,3],"2":[0,3],"3":[1,2],"4":[1,2]},"f":{"1":13,"2":23,"3":2,"4":2,"5":2,"6":3,"7":5},"fnMap":{"1":{"name":"constructor","line":24,"loc":{"start":{"line":24,"column":4},"end":{"line":24,"column":67}}},"2":{"name":"mint","line":26,"loc":{"start":{"line":26,"column":4},"end":{"line":29,"column":4}}},"3":{"name":"setOwed","line":31,"loc":{"start":{"line":31,"column":4},"end":{"line":34,"column":4}}},"4":{"name":"setStealNftOnCollect","line":36,"loc":{"start":{"line":36,"column":4},"end":{"line":38,"column":4}}},"5":{"name":"setDrainLiquidityOnCollect","line":40,"loc":{"start":{"line":40,"column":4},"end":{"line":42,"column":4}}},"6":{"name":"collect","line":44,"loc":{"start":{"line":44,"column":4},"end":{"line":54,"column":4}}},"7":{"name":"positions","line":56,"loc":{"start":{"line":56,"column":4},"end":{"line":88,"column":4}}}},"statementMap":{"1":{"start":{"line":27,"column":8},"end":{"line":27,"column":29}},"2":{"start":{"line":50,"column":8},"end":{"line":50,"column":68}},"3":{"start":{"line":51,"column":8},"end":{"line":51,"column":1816}},"4":{"start":{"line":52,"column":12},"end":{"line":52,"column":103}},"5":{"start":{"line":74,"column":8},"end":{"line":74,"column":2322}}},"branchMap":{"1":{"line":46,"type":"if","locations":[{"start":{"line":46,"column":62},"end":{"line":46,"column":78}},{"start":{"line":46,"column":82},"end":{"line":46,"column":102}}]},"2":{"line":47,"type":"if","locations":[{"start":{"line":47,"column":62},"end":{"line":47,"column":78}},{"start":{"line":47,"column":82},"end":{"line":47,"column":102}}]},"3":{"line":50,"type":"if","locations":[{"start":{"line":50,"column":8},"end":{"line":50,"column":8}},{"start":{"line":50,"column":8},"end":{"line":50,"column":8}}]},"4":{"line":51,"type":"if","locations":[{"start":{"line":51,"column":8},"end":{"line":51,"column":8}},{"start":{"line":51,"column":8},"end":{"line":51,"column":8}}]}}},
"contracts/test/MockSafe.sol":{"l":{"10":4,"11":4,"15":4,"19":4},"path":"/dev-server/contracts/contracts/test/MockSafe.sol","s":{"1":4,"2":4},"b":{},"f":{"1":4,"2":4,"3":4},"fnMap":{"1":{"name":"constructor","line":9,"loc":{"start":{"line":9,"column":4},"end":{"line":12,"column":4}}},"2":{"name":"getThreshold","line":14,"loc":{"start":{"line":14,"column":4},"end":{"line":16,"column":4}}},"3":{"name":"getOwners","line":18,"loc":{"start":{"line":18,"column":4},"end":{"line":20,"column":4}}}},"statementMap":{"1":{"start":{"line":15,"column":8},"end":{"line":15,"column":25}},"2":{"start":{"line":19,"column":8},"end":{"line":19,"column":22}}},"branchMap":{}},
"contracts/YardCompanionToken.sol":{"l":{"49":40,"66":17,"67":17,"68":16,"69":15,"71":13,"73":13,"74":13,"75":13,"76":13,"78":13,"79":13,"80":13,"81":2,"84":13},"path":"/dev-server/contracts/contracts/YardCompanionToken.sol","s":{"1":40,"2":17,"3":17,"4":16,"5":15,"6":13,"7":13,"8":13,"9":13,"10":2,"11":13},"b":{"1":[17,4],"2":[0,17],"3":[0,0],"4":[0,0],"5":[1,16],"6":[1,15],"7":[2,13],"8":[1,1],"9":[2,11]},"f":{"1":40,"2":17},"fnMap":{"1":{"name":"constructor","line":48,"loc":{"start":{"line":48,"column":4},"end":{"line":50,"column":4}}},"2":{"name":"initialize","line":65,"loc":{"start":{"line":56,"column":4},"end":{"line":85,"column":4}}}},"statementMap":{"1":{"start":{"line":49,"column":8},"end":{"line":49,"column":29}},"2":{"start":{"line":66,"column":8},"end":{"line":66,"column":109}},"3":{"start":{"line":67,"column":8},"end":{"line":67,"column":44}},"4":{"start":{"line":68,"column":8},"end":{"line":68,"column":74}},"5":{"start":{"line":69,"column":8},"end":{"line":69,"column":92}},"6":{"start":{"line":71,"column":8},"end":{"line":71,"column":35}},"7":{"start":{"line":78,"column":8},"end":{"line":78,"column":41}},"8":{"start":{"line":79,"column":8},"end":{"line":79,"column":54}},"9":{"start":{"line":80,"column":8},"end":{"line":80,"column":3057}},"10":{"start":{"line":81,"column":12},"end":{"line":81,"column":37}},"11":{"start":{"line":84,"column":8},"end":{"line":84,"column":116}}},"branchMap":{"1":{"line":65,"type":"if","locations":[{"start":{"line":65,"column":15},"end":{"line":65,"column":15}},{"start":{"line":65,"column":15},"end":{"line":65,"column":15}}]},"2":{"line":66,"type":"if","locations":[{"start":{"line":66,"column":8},"end":{"line":66,"column":8}},{"start":{"line":66,"column":8},"end":{"line":66,"column":8}}]},"3":{"line":66,"type":"cond-expr","locations":[{"start":{"line":66,"column":12},"end":{"line":66,"column":33}},{"start":{"line":66,"column":38},"end":{"line":66,"column":59}}]},"4":{"line":66,"type":"cond-expr","locations":[{"start":{"line":66,"column":12},"end":{"line":66,"column":59}},{"start":{"line":66,"column":64},"end":{"line":66,"column":86}}]},"5":{"line":67,"type":"if","locations":[{"start":{"line":67,"column":8},"end":{"line":67,"column":8}},{"start":{"line":67,"column":8},"end":{"line":67,"column":8}}]},"6":{"line":68,"type":"if","locations":[{"start":{"line":68,"column":8},"end":{"line":68,"column":8}},{"start":{"line":68,"column":8},"end":{"line":68,"column":8}}]},"7":{"line":69,"type":"if","locations":[{"start":{"line":69,"column":8},"end":{"line":69,"column":8}},{"start":{"line":69,"column":8},"end":{"line":69,"column":8}}]},"8":{"line":69,"type":"cond-expr","locations":[{"start":{"line":69,"column":12},"end":{"line":69,"column":33}},{"start":{"line":69,"column":38},"end":{"line":69,"column":63}}]},"9":{"line":80,"type":"if","locations":[{"start":{"line":80,"column":8},"end":{"line":80,"column":8}},{"start":{"line":80,"column":8},"end":{"line":80,"column":8}}]}}},
"contracts/YardLiquidityLocker.sol":{"l":{"101":14,"102":13,"103":12,"113":10,"114":7,"115":7,"128":10,"129":9,"132":8,"133":1,"135":7,"136":7,"138":1,"139":1,"140":1,"141":1,"145":11,"146":11,"147":9,"148":1,"150":8,"151":8,"152":8,"159":8,"173":7,"174":7,"175":6,"176":5,"177":4,"178":3,"180":3,"183":3,"192":3,"193":2,"195":2,"197":1,"198":1,"199":1,"204":1,"209":8,"210":8,"211":7,"212":6,"213":5,"214":4,"216":3,"217":3,"218":3,"222":2,"223":2,"224":1,"229":6,"230":6,"231":4},"path":"/dev-server/contracts/contracts/YardLiquidityLocker.sol","s":{"1":14,"2":13,"3":10,"4":7,"5":7,"6":10,"7":9,"8":8,"9":7,"10":7,"11":1,"12":1,"13":1,"14":1,"15":11,"16":11,"17":9,"18":8,"19":8,"20":8,"21":7,"22":7,"23":6,"24":5,"25":4,"26":3,"27":3,"28":3,"29":2,"30":2,"31":1,"32":1,"33":8,"34":8,"35":7,"36":6,"37":5,"38":4,"39":3,"40":3,"41":2,"42":2,"43":1,"44":6,"45":6,"46":2,"47":4},"b":{"1":[1,13],"2":[1,12],"3":[10,0],"4":[0,7],"5":[1,9],"6":[8,1],"7":[1,7],"8":[0,1],"9":[0,7],"10":[0,1],"11":[0,11],"12":[2,9],"13":[1,8],"14":[1,7],"15":[7,0],"16":[1,6],"17":[1,5],"18":[1,4],"19":[1,3],"20":[0,3],"21":[1,2],"22":[1,1],"23":[8,0],"24":[1,7],"25":[1,6],"26":[1,5],"27":[1,4],"28":[1,3],"29":[1,1],"30":[2,4],"31":[1,1]},"f":{"1":14,"2":10,"3":10,"4":11,"5":7,"6":1,"7":8,"8":2,"9":6},"fnMap":{"1":{"name":"constructor","line":100,"loc":{"start":{"line":100,"column":4},"end":{"line":104,"column":4}}},"2":{"name":"lock","line":112,"loc":{"start":{"line":112,"column":4},"end":{"line":116,"column":4}}},"3":{"name":"onERC721Received","line":123,"loc":{"start":{"line":123,"column":4},"end":{"line":142,"column":4}}},"4":{"name":"_record","line":144,"loc":{"start":{"line":144,"column":4},"end":{"line":160,"column":4}}},"5":{"name":"collectFees","line":170,"loc":{"start":{"line":168,"column":4},"end":{"line":200,"column":4}}},"6":{"name":"collectedFees","line":203,"loc":{"start":{"line":203,"column":4},"end":{"line":205,"column":4}}},"7":{"name":"withdraw","line":208,"loc":{"start":{"line":208,"column":4},"end":{"line":219,"column":4}}},"8":{"name":"lockInfo","line":221,"loc":{"start":{"line":221,"column":4},"end":{"line":225,"column":4}}},"9":{"name":"isLocked","line":228,"loc":{"start":{"line":228,"column":4},"end":{"line":232,"column":4}}}},"statementMap":{"1":{"start":{"line":101,"column":8},"end":{"line":101,"column":64}},"2":{"start":{"line":102,"column":8},"end":{"line":102,"column":84}},"3":{"start":{"line":113,"column":8},"end":{"line":113,"column":63}},"4":{"start":{"line":114,"column":8},"end":{"line":114,"column":78}},"5":{"start":{"line":115,"column":8},"end":{"line":115,"column":86}},"6":{"start":{"line":128,"column":8},"end":{"line":128,"column":91}},"7":{"start":{"line":129,"column":8},"end":{"line":129,"column":5198}},"8":{"start":{"line":132,"column":12},"end":{"line":132,"column":5436}},"9":{"start":{"line":135,"column":12},"end":{"line":135,"column":112}},"10":{"start":{"line":136,"column":12},"end":{"line":136,"column":60}},"11":{"start":{"line":138,"column":8},"end":{"line":138,"column":51}},"12":{"start":{"line":139,"column":8},"end":{"line":139,"column":80}},"13":{"start":{"line":140,"column":8},"end":{"line":140,"column":57}},"14":{"start":{"line":141,"column":8},"end":{"line":141,"column":56}},"15":{"start":{"line":145,"column":8},"end":{"line":145,"column":57}},"16":{"start":{"line":146,"column":8},"end":{"line":146,"column":98}},"17":{"start":{"line":147,"column":8},"end":{"line":147,"column":6302}},"18":{"start":{"line":150,"column":8},"end":{"line":150,"column":49}},"19":{"start":{"line":151,"column":8},"end":{"line":151,"column":80}},"20":{"start":{"line":159,"column":8},"end":{"line":159,"column":81}},"21":{"start":{"line":173,"column":8},"end":{"line":173,"column":43}},"22":{"start":{"line":174,"column":8},"end":{"line":174,"column":69}},"23":{"start":{"line":175,"column":8},"end":{"line":175,"column":60}},"24":{"start":{"line":176,"column":8},"end":{"line":176,"column":82}},"25":{"start":{"line":177,"column":8},"end":{"line":177,"column":83}},"26":{"start":{"line":178,"column":8},"end":{"line":178,"column":100}},"27":{"start":{"line":180,"column":8},"end":{"line":180,"column":7941}},"28":{"start":{"line":192,"column":8},"end":{"line":192,"column":100}},"29":{"start":{"line":193,"column":8},"end":{"line":193,"column":8499}},"30":{"start":{"line":195,"column":8},"end":{"line":195,"column":116}},"31":{"start":{"line":199,"column":8},"end":{"line":199,"column":69}},"32":{"start":{"line":204,"column":8},"end":{"line":204,"column":65}},"33":{"start":{"line":209,"column":8},"end":{"line":209,"column":43}},"34":{"start":{"line":210,"column":8},"end":{"line":210,"column":69}},"35":{"start":{"line":211,"column":8},"end":{"line":211,"column":60}},"36":{"start":{"line":212,"column":8},"end":{"line":212,"column":57}},"37":{"start":{"line":213,"column":8},"end":{"line":213,"column":82}},"38":{"start":{"line":214,"column":8},"end":{"line":214,"column":101}},"39":{"start":{"line":217,"column":8},"end":{"line":217,"column":72}},"40":{"start":{"line":218,"column":8},"end":{"line":218,"column":79}},"41":{"start":{"line":222,"column":8},"end":{"line":222,"column":42}},"42":{"start":{"line":223,"column":8},"end":{"line":223,"column":69}},"43":{"start":{"line":224,"column":8},"end":{"line":224,"column":16}},"44":{"start":{"line":229,"column":8},"end":{"line":229,"column":42}},"45":{"start":{"line":230,"column":8},"end":{"line":230,"column":66}},"46":{"start":{"line":230,"column":54},"end":{"line":230,"column":66}},"47":{"start":{"line":231,"column":8},"end":{"line":231,"column":67}}},"branchMap":{"1":{"line":101,"type":"if","locations":[{"start":{"line":101,"column":8},"end":{"line":101,"column":8}},{"start":{"line":101,"column":8},"end":{"line":101,"column":8}}]},"2":{"line":102,"type":"if","locations":[{"start":{"line":102,"column":8},"end":{"line":102,"column":8}},{"start":{"line":102,"column":8},"end":{"line":102,"column":8}}]},"3":{"line":112,"type":"if","locations":[{"start":{"line":112,"column":84},"end":{"line":112,"column":84}},{"start":{"line":112,"column":84},"end":{"line":112,"column":84}}]},"4":{"line":115,"type":"if","locations":[{"start":{"line":115,"column":8},"end":{"line":115,"column":8}},{"start":{"line":115,"column":8},"end":{"line":115,"column":8}}]},"5":{"line":128,"type":"if","locations":[{"start":{"line":128,"column":8},"end":{"line":128,"column":8}},{"start":{"line":128,"column":8},"end":{"line":128,"column":8}}]},"6":{"line":129,"type":"if","locations":[{"start":{"line":129,"column":8},"end":{"line":129,"column":8}},{"start":{"line":129,"column":8},"end":{"line":129,"column":8}}]},"7":{"line":132,"type":"if","locations":[{"start":{"line":132,"column":12},"end":{"line":132,"column":12}},{"start":{"line":132,"column":12},"end":{"line":132,"column":12}}]},"8":{"line":132,"type":"cond-expr","locations":[{"start":{"line":132,"column":16},"end":{"line":132,"column":51}},{"start":{"line":132,"column":56},"end":{"line":132,"column":83}}]},"9":{"line":135,"type":"if","locations":[{"start":{"line":135,"column":12},"end":{"line":135,"column":12}},{"start":{"line":135,"column":12},"end":{"line":135,"column":12}}]},"10":{"line":138,"type":"if","locations":[{"start":{"line":138,"column":8},"end":{"line":138,"column":8}},{"start":{"line":138,"column":8},"end":{"line":138,"column":8}}]},"11":{"line":145,"type":"if","locations":[{"start":{"line":145,"column":8},"end":{"line":145,"column":8}},{"start":{"line":145,"column":8},"end":{"line":145,"column":8}}]},"12":{"line":146,"type":"if","locations":[{"start":{"line":146,"column":8},"end":{"line":146,"column":8}},{"start":{"line":146,"column":8},"end":{"line":146,"column":8}}]},"13":{"line":147,"type":"if","locations":[{"start":{"line":147,"column":8},"end":{"line":147,"column":8}},{"start":{"line":147,"column":8},"end":{"line":147,"column":8}}]},"14":{"line":151,"type":"if","locations":[{"start":{"line":151,"column":38},"end":{"line":151,"column":53}},{"start":{"line":151,"column":57},"end":{"line":151,"column":79}}]},"15":{"line":170,"type":"if","locations":[{"start":{"line":170,"column":8},"end":{"line":170,"column":8}},{"start":{"line":170,"column":8},"end":{"line":170,"column":8}}]},"16":{"line":174,"type":"if","locations":[{"start":{"line":174,"column":8},"end":{"line":174,"column":8}},{"start":{"line":174,"column":8},"end":{"line":174,"column":8}}]},"17":{"line":175,"type":"if","locations":[{"start":{"line":175,"column":8},"end":{"line":175,"column":8}},{"start":{"line":175,"column":8},"end":{"line":175,"column":8}}]},"18":{"line":176,"type":"if","locations":[{"start":{"line":176,"column":8},"end":{"line":176,"column":8}},{"start":{"line":176,"column":8},"end":{"line":176,"column":8}}]},"19":{"line":177,"type":"if","locations":[{"start":{"line":177,"column":8},"end":{"line":177,"column":8}},{"start":{"line":177,"column":8},"end":{"line":177,"column":8}}]},"20":{"line":178,"type":"if","locations":[{"start":{"line":178,"column":8},"end":{"line":178,"column":8}},{"start":{"line":178,"column":8},"end":{"line":178,"column":8}}]},"21":{"line":192,"type":"if","locations":[{"start":{"line":192,"column":8},"end":{"line":192,"column":8}},{"start":{"line":192,"column":8},"end":{"line":192,"column":8}}]},"22":{"line":195,"type":"if","locations":[{"start":{"line":195,"column":8},"end":{"line":195,"column":8}},{"start":{"line":195,"column":8},"end":{"line":195,"column":8}}]},"23":{"line":208,"type":"if","locations":[{"start":{"line":208,"column":51},"end":{"line":208,"column":51}},{"start":{"line":208,"column":51},"end":{"line":208,"column":51}}]},"24":{"line":210,"type":"if","locations":[{"start":{"line":210,"column":8},"end":{"line":210,"column":8}},{"start":{"line":210,"column":8},"end":{"line":210,"column":8}}]},"25":{"line":211,"type":"if","locations":[{"start":{"line":211,"column":8},"end":{"line":211,"column":8}},{"start":{"line":211,"column":8},"end":{"line":211,"column":8}}]},"26":{"line":212,"type":"if","locations":[{"start":{"line":212,"column":8},"end":{"line":212,"column":8}},{"start":{"line":212,"column":8},"end":{"line":212,"column":8}}]},"27":{"line":213,"type":"if","locations":[{"start":{"line":213,"column":8},"end":{"line":213,"column":8}},{"start":{"line":213,"column":8},"end":{"line":213,"column":8}}]},"28":{"line":214,"type":"if","locations":[{"start":{"line":214,"column":8},"end":{"line":214,"column":8}},{"start":{"line":214,"column":8},"end":{"line":214,"column":8}}]},"29":{"line":223,"type":"if","locations":[{"start":{"line":223,"column":8},"end":{"line":223,"column":8}},{"start":{"line":223,"column":8},"end":{"line":223,"column":8}}]},"30":{"line":230,"type":"if","locations":[{"start":{"line":230,"column":8},"end":{"line":230,"column":8}},{"start":{"line":230,"column":8},"end":{"line":230,"column":8}}]},"31":{"line":230,"type":"cond-expr","locations":[{"start":{"line":230,"column":12},"end":{"line":230,"column":36}},{"start":{"line":230,"column":41},"end":{"line":230,"column":51}}]}}},
"contracts/YardSaleAssetRegistry.sol":{"l":{"109":42,"110":41,"111":41,"112":41,"113":41,"118":28,"136":2,"150":38,"151":38,"152":37,"153":36,"154":35,"155":34,"156":32,"157":31,"158":29,"160":28,"161":28,"163":23,"165":23,"166":23,"167":23,"175":23,"176":23,"178":23,"179":23,"199":14,"200":13,"201":3,"203":10,"204":2,"206":8,"207":2,"209":6,"210":1,"212":5,"216":13,"217":12,"218":12,"219":11,"220":4,"221":4,"230":16,"231":16,"232":15,"233":14,"234":14,"235":13,"236":13,"241":3,"245":3,"249":3,"253":2,"254":1,"258":22,"259":21,"263":1,"267":2,"271":2,"272":1,"276":5,"280":55,"284":25},"path":"/dev-server/contracts/contracts/YardSaleAssetRegistry.sol","s":{"1":42,"2":41,"3":41,"4":41,"5":41,"6":28,"7":2,"8":38,"9":38,"10":37,"11":36,"12":35,"13":34,"14":32,"15":31,"16":29,"17":28,"18":28,"19":23,"20":23,"21":23,"22":14,"23":1,"24":13,"25":3,"26":10,"27":2,"28":8,"29":2,"30":6,"31":1,"32":5,"33":13,"34":12,"35":12,"36":11,"37":4,"38":16,"39":16,"40":15,"41":14,"42":14,"43":13,"44":3,"45":3,"46":3,"47":2,"48":1,"49":22,"50":21,"51":1,"52":2,"53":2,"54":1,"55":5,"56":55,"57":25},"b":{"1":[1,41],"2":[39,1],"3":[38,1],"4":[0,38],"5":[1,37],"6":[1,36],"7":[1,35],"8":[1,34],"9":[2,32],"10":[1,1],"11":[1,31],"12":[2,29],"13":[1,28],"14":[5,23],"15":[1,13],"16":[3,10],"17":[2,0],"18":[0,0],"19":[2,8],"20":[1,0],"21":[0,0],"22":[2,6],"23":[1,5],"24":[0,1],"25":[14,1],"26":[13,1],"27":[1,11],"28":[7,4],"29":[17,3],"30":[16,1],"31":[1,15],"32":[1,14],"33":[1,13],"34":[3,3],"35":[3,0],"36":[4,51],"37":[25,1]},"f":{"1":42,"2":28,"3":2,"4":38,"5":14,"6":13,"7":16,"8":3,"9":3,"10":3,"11":2,"12":22,"13":1,"14":2,"15":2,"16":5,"17":55,"18":25},"fnMap":{"1":{"name":"constructor","line":107,"loc":{"start":{"line":105,"column":4},"end":{"line":114,"column":4}}},"2":{"name":"hashVoucher","line":117,"loc":{"start":{"line":117,"column":4},"end":{"line":133,"column":4}}},"3":{"name":"domainSeparator","line":135,"loc":{"start":{"line":135,"column":4},"end":{"line":137,"column":4}}},"4":{"name":"mintPassport","line":147,"loc":{"start":{"line":144,"column":4},"end":{"line":187,"column":4}}},"5":{"name":"isValidTransition","line":198,"loc":{"start":{"line":198,"column":4},"end":{"line":213,"column":4}}},"6":{"name":"setStatus","line":215,"loc":{"start":{"line":215,"column":4},"end":{"line":222,"column":4}}},"7":{"name":"setCompanionToken","line":228,"loc":{"start":{"line":225,"column":4},"end":{"line":237,"column":4}}},"8":{"name":"passportOfListing","line":240,"loc":{"start":{"line":240,"column":4},"end":{"line":242,"column":4}}},"9":{"name":"pause","line":244,"loc":{"start":{"line":244,"column":4},"end":{"line":246,"column":4}}},"10":{"name":"unpause","line":248,"loc":{"start":{"line":248,"column":4},"end":{"line":250,"column":4}}},"11":{"name":"passport","line":252,"loc":{"start":{"line":252,"column":4},"end":{"line":255,"column":4}}},"12":{"name":"companionTokenOf","line":257,"loc":{"start":{"line":257,"column":4},"end":{"line":260,"column":4}}},"13":{"name":"exists","line":262,"loc":{"start":{"line":262,"column":4},"end":{"line":264,"column":4}}},"14":{"name":"totalMinted","line":266,"loc":{"start":{"line":266,"column":4},"end":{"line":268,"column":4}}},"15":{"name":"tokenURI","line":270,"loc":{"start":{"line":270,"column":4},"end":{"line":273,"column":4}}},"16":{"name":"supportsInterface","line":275,"loc":{"start":{"line":275,"column":4},"end":{"line":277,"column":4}}},"17":{"name":"_requireMinted","line":279,"loc":{"start":{"line":279,"column":4},"end":{"line":281,"column":4}}},"18":{"name":"_update","line":283,"loc":{"start":{"line":283,"column":4},"end":{"line":285,"column":4}}}},"statementMap":{"1":{"start":{"line":109,"column":8},"end":{"line":109,"column":53}},"2":{"start":{"line":110,"column":8},"end":{"line":110,"column":44}},"3":{"start":{"line":111,"column":8},"end":{"line":111,"column":37}},"4":{"start":{"line":112,"column":8},"end":{"line":112,"column":37}},"5":{"start":{"line":113,"column":8},"end":{"line":113,"column":37}},"6":{"start":{"line":118,"column":8},"end":{"line":118,"column":5119}},"7":{"start":{"line":136,"column":8},"end":{"line":136,"column":35}},"8":{"start":{"line":150,"column":8},"end":{"line":150,"column":62}},"9":{"start":{"line":151,"column":8},"end":{"line":151,"column":102}},"10":{"start":{"line":152,"column":8},"end":{"line":152,"column":100}},"11":{"start":{"line":153,"column":8},"end":{"line":153,"column":68}},"12":{"start":{"line":154,"column":8},"end":{"line":154,"column":69}},"13":{"start":{"line":155,"column":8},"end":{"line":155,"column":101}},"14":{"start":{"line":156,"column":8},"end":{"line":156,"column":97}},"15":{"start":{"line":157,"column":8},"end":{"line":157,"column":112}},"16":{"start":{"line":158,"column":8},"end":{"line":158,"column":101}},"17":{"start":{"line":160,"column":8},"end":{"line":160,"column":71}},"18":{"start":{"line":161,"column":8},"end":{"line":161,"column":81}},"19":{"start":{"line":176,"column":8},"end":{"line":176,"column":41}},"20":{"start":{"line":178,"column":8},"end":{"line":178,"column":80}},"21":{"start":{"line":179,"column":8},"end":{"line":179,"column":7818}},"22":{"start":{"line":199,"column":8},"end":{"line":199,"column":36}},"23":{"start":{"line":199,"column":24},"end":{"line":199,"column":36}},"24":{"start":{"line":200,"column":8},"end":{"line":200,"column":8466}},"25":{"start":{"line":201,"column":12},"end":{"line":201,"column":115}},"26":{"start":{"line":203,"column":8},"end":{"line":203,"column":8638}},"27":{"start":{"line":204,"column":12},"end":{"line":204,"column":116}},"28":{"start":{"line":206,"column":8},"end":{"line":206,"column":8813}},"29":{"start":{"line":207,"column":12},"end":{"line":207,"column":48}},"30":{"start":{"line":209,"column":8},"end":{"line":209,"column":8921}},"31":{"start":{"line":210,"column":12},"end":{"line":210,"column":83}},"32":{"start":{"line":212,"column":8},"end":{"line":212,"column":20}},"33":{"start":{"line":216,"column":8},"end":{"line":216,"column":30}},"34":{"start":{"line":217,"column":8},"end":{"line":217,"column":60}},"35":{"start":{"line":218,"column":8},"end":{"line":218,"column":66}},"36":{"start":{"line":219,"column":8},"end":{"line":219,"column":113}},"37":{"start":{"line":221,"column":8},"end":{"line":221,"column":64}},"38":{"start":{"line":230,"column":8},"end":{"line":230,"column":30}},"39":{"start":{"line":231,"column":8},"end":{"line":231,"column":62}},"40":{"start":{"line":232,"column":8},"end":{"line":232,"column":80}},"41":{"start":{"line":233,"column":8},"end":{"line":233,"column":61}},"42":{"start":{"line":234,"column":8},"end":{"line":234,"column":86}},"43":{"start":{"line":236,"column":8},"end":{"line":236,"column":58}},"44":{"start":{"line":241,"column":8},"end":{"line":241,"column":43}},"45":{"start":{"line":245,"column":8},"end":{"line":245,"column":15}},"46":{"start":{"line":249,"column":8},"end":{"line":249,"column":17}},"47":{"start":{"line":253,"column":8},"end":{"line":253,"column":30}},"48":{"start":{"line":254,"column":8},"end":{"line":254,"column":34}},"49":{"start":{"line":258,"column":8},"end":{"line":258,"column":30}},"50":{"start":{"line":259,"column":8},"end":{"line":259,"column":49}},"51":{"start":{"line":263,"column":8},"end":{"line":263,"column":46}},"52":{"start":{"line":267,"column":8},"end":{"line":267,"column":31}},"53":{"start":{"line":271,"column":8},"end":{"line":271,"column":30}},"54":{"start":{"line":272,"column":8},"end":{"line":272,"column":34}},"55":{"start":{"line":276,"column":8},"end":{"line":276,"column":51}},"56":{"start":{"line":280,"column":8},"end":{"line":280,"column":76}},"57":{"start":{"line":284,"column":8},"end":{"line":284,"column":47}}},"branchMap":{"1":{"line":109,"type":"if","locations":[{"start":{"line":109,"column":8},"end":{"line":109,"column":8}},{"start":{"line":109,"column":8},"end":{"line":109,"column":8}}]},"2":{"line":146,"type":"if","locations":[{"start":{"line":146,"column":8},"end":{"line":146,"column":8}},{"start":{"line":146,"column":8},"end":{"line":146,"column":8}}]},"3":{"line":147,"type":"if","locations":[{"start":{"line":147,"column":8},"end":{"line":147,"column":8}},{"start":{"line":147,"column":8},"end":{"line":147,"column":8}}]},"4":{"line":150,"type":"if","locations":[{"start":{"line":150,"column":8},"end":{"line":150,"column":8}},{"start":{"line":150,"column":8},"end":{"line":150,"column":8}}]},"5":{"line":151,"type":"if","locations":[{"start":{"line":151,"column":8},"end":{"line":151,"column":8}},{"start":{"line":151,"column":8},"end":{"line":151,"column":8}}]},"6":{"line":152,"type":"if","locations":[{"start":{"line":152,"column":8},"end":{"line":152,"column":8}},{"start":{"line":152,"column":8},"end":{"line":152,"column":8}}]},"7":{"line":153,"type":"if","locations":[{"start":{"line":153,"column":8},"end":{"line":153,"column":8}},{"start":{"line":153,"column":8},"end":{"line":153,"column":8}}]},"8":{"line":154,"type":"if","locations":[{"start":{"line":154,"column":8},"end":{"line":154,"column":8}},{"start":{"line":154,"column":8},"end":{"line":154,"column":8}}]},"9":{"line":155,"type":"if","locations":[{"start":{"line":155,"column":8},"end":{"line":155,"column":8}},{"start":{"line":155,"column":8},"end":{"line":155,"column":8}}]},"10":{"line":155,"type":"cond-expr","locations":[{"start":{"line":155,"column":12},"end":{"line":155,"column":45}},{"start":{"line":155,"column":50},"end":{"line":155,"column":80}}]},"11":{"line":156,"type":"if","locations":[{"start":{"line":156,"column":8},"end":{"line":156,"column":8}},{"start":{"line":156,"column":8},"end":{"line":156,"column":8}}]},"12":{"line":157,"type":"if","locations":[{"start":{"line":157,"column":8},"end":{"line":157,"column":8}},{"start":{"line":157,"column":8},"end":{"line":157,"column":8}}]},"13":{"line":158,"type":"if","locations":[{"start":{"line":158,"column":8},"end":{"line":158,"column":8}},{"start":{"line":158,"column":8},"end":{"line":158,"column":8}}]},"14":{"line":161,"type":"if","locations":[{"start":{"line":161,"column":8},"end":{"line":161,"column":8}},{"start":{"line":161,"column":8},"end":{"line":161,"column":8}}]},"15":{"line":199,"type":"if","locations":[{"start":{"line":199,"column":8},"end":{"line":199,"column":8}},{"start":{"line":199,"column":8},"end":{"line":199,"column":8}}]},"16":{"line":200,"type":"if","locations":[{"start":{"line":200,"column":8},"end":{"line":200,"column":8}},{"start":{"line":200,"column":8},"end":{"line":200,"column":8}}]},"17":{"line":201,"type":"cond-expr","locations":[{"start":{"line":201,"column":19},"end":{"line":201,"column":47}},{"start":{"line":201,"column":52},"end":{"line":201,"column":81}}]},"18":{"line":201,"type":"cond-expr","locations":[{"start":{"line":201,"column":19},"end":{"line":201,"column":81}},{"start":{"line":201,"column":86},"end":{"line":201,"column":114}}]},"19":{"line":203,"type":"if","locations":[{"start":{"line":203,"column":8},"end":{"line":203,"column":8}},{"start":{"line":203,"column":8},"end":{"line":203,"column":8}}]},"20":{"line":204,"type":"cond-expr","locations":[{"start":{"line":204,"column":19},"end":{"line":204,"column":48}},{"start":{"line":204,"column":53},"end":{"line":204,"column":82}}]},"21":{"line":204,"type":"cond-expr","locations":[{"start":{"line":204,"column":19},"end":{"line":204,"column":82}},{"start":{"line":204,"column":87},"end":{"line":204,"column":115}}]},"22":{"line":206,"type":"if","locations":[{"start":{"line":206,"column":8},"end":{"line":206,"column":8}},{"start":{"line":206,"column":8},"end":{"line":206,"column":8}}]},"23":{"line":209,"type":"if","locations":[{"start":{"line":209,"column":8},"end":{"line":209,"column":8}},{"start":{"line":209,"column":8},"end":{"line":209,"column":8}}]},"24":{"line":210,"type":"cond-expr","locations":[{"start":{"line":210,"column":19},"end":{"line":210,"column":48}},{"start":{"line":210,"column":53},"end":{"line":210,"column":82}}]},"25":{"line":215,"type":"if","locations":[{"start":{"line":215,"column":75},"end":{"line":215,"column":75}},{"start":{"line":215,"column":75},"end":{"line":215,"column":75}}]},"26":{"line":215,"type":"if","locations":[{"start":{"line":215,"column":97},"end":{"line":215,"column":97}},{"start":{"line":215,"column":97},"end":{"line":215,"column":97}}]},"27":{"line":218,"type":"if","locations":[{"start":{"line":218,"column":8},"end":{"line":218,"column":8}},{"start":{"line":218,"column":8},"end":{"line":218,"column":8}}]},"28":{"line":219,"type":"if","locations":[{"start":{"line":219,"column":8},"end":{"line":219,"column":8}},{"start":{"line":219,"column":8},"end":{"line":219,"column":8}}]},"29":{"line":227,"type":"if","locations":[{"start":{"line":227,"column":8},"end":{"line":227,"column":8}},{"start":{"line":227,"column":8},"end":{"line":227,"column":8}}]},"30":{"line":228,"type":"if","locations":[{"start":{"line":228,"column":8},"end":{"line":228,"column":8}},{"start":{"line":228,"column":8},"end":{"line":228,"column":8}}]},"31":{"line":231,"type":"if","locations":[{"start":{"line":231,"column":8},"end":{"line":231,"column":8}},{"start":{"line":231,"column":8},"end":{"line":231,"column":8}}]},"32":{"line":232,"type":"if","locations":[{"start":{"line":232,"column":8},"end":{"line":232,"column":8}},{"start":{"line":232,"column":8},"end":{"line":232,"column":8}}]},"33":{"line":234,"type":"if","locations":[{"start":{"line":234,"column":8},"end":{"line":234,"column":8}},{"start":{"line":234,"column":8},"end":{"line":234,"column":8}}]},"34":{"line":244,"type":"if","locations":[{"start":{"line":244,"column":30},"end":{"line":244,"column":30}},{"start":{"line":244,"column":30},"end":{"line":244,"column":30}}]},"35":{"line":248,"type":"if","locations":[{"start":{"line":248,"column":32},"end":{"line":248,"column":32}},{"start":{"line":248,"column":32},"end":{"line":248,"column":32}}]},"36":{"line":280,"type":"if","locations":[{"start":{"line":280,"column":8},"end":{"line":280,"column":8}},{"start":{"line":280,"column":8},"end":{"line":280,"column":8}}]},"37":{"line":283,"type":"if","locations":[{"start":{"line":283,"column":82},"end":{"line":283,"column":82}},{"start":{"line":283,"column":82},"end":{"line":283,"column":82}}]}}},
"contracts/YardTokenFactory.sol":{"l":{"56":46,"57":4,"59":42,"60":41,"62":40,"63":40,"64":40,"65":40,"66":40,"82":27,"83":26,"84":25,"85":24,"87":23,"88":22,"90":19,"91":19,"92":18,"94":19,"96":17,"99":17,"100":17,"102":17,"113":13,"115":11,"127":2,"128":1,"129":1,"133":2,"137":2,"141":3,"146":2,"147":2,"151":20},"path":"/dev-server/contracts/contracts/YardTokenFactory.sol","s":{"1":46,"2":42,"3":41,"4":40,"5":40,"6":27,"7":26,"8":25,"9":24,"10":23,"11":22,"12":19,"13":19,"14":19,"15":17,"16":13,"17":11,"18":2,"19":1,"20":2,"21":2,"22":3,"23":2,"24":2,"25":20},"b":{"1":[4,42],"2":[1,1],"3":[1,1],"4":[1,1],"5":[1,41],"6":[1,40],"7":[27,1],"8":[27,0],"9":[1,26],"10":[1,25],"11":[1,24],"12":[1,23],"13":[3,19],"14":[18,1],"15":[2,17],"16":[2,1],"17":[1,1],"18":[2,2],"19":[2,0]},"f":{"1":46,"2":27,"3":2,"4":2,"5":2,"6":3,"7":2,"8":20},"fnMap":{"1":{"name":"constructor","line":55,"loc":{"start":{"line":55,"column":4},"end":{"line":67,"column":4}}},"2":{"name":"createCompanionToken","line":81,"loc":{"start":{"line":75,"column":4},"end":{"line":124,"column":4}}},"3":{"name":"setTreasury","line":126,"loc":{"start":{"line":126,"column":4},"end":{"line":130,"column":4}}},"4":{"name":"pause","line":132,"loc":{"start":{"line":132,"column":4},"end":{"line":134,"column":4}}},"5":{"name":"unpause","line":136,"loc":{"start":{"line":136,"column":4},"end":{"line":138,"column":4}}},"6":{"name":"predictTokenAddress","line":140,"loc":{"start":{"line":140,"column":4},"end":{"line":142,"column":4}}},"7":{"name":"isCompanionToken","line":145,"loc":{"start":{"line":145,"column":4},"end":{"line":148,"column":4}}},"8":{"name":"_salt","line":150,"loc":{"start":{"line":150,"column":4},"end":{"line":152,"column":4}}}},"statementMap":{"1":{"start":{"line":56,"column":8},"end":{"line":56,"column":2243}},"2":{"start":{"line":59,"column":8},"end":{"line":59,"column":70}},"3":{"start":{"line":60,"column":8},"end":{"line":60,"column":82}},"4":{"start":{"line":62,"column":8},"end":{"line":62,"column":44}},"5":{"start":{"line":63,"column":8},"end":{"line":63,"column":37}},"6":{"start":{"line":82,"column":8},"end":{"line":82,"column":56}},"7":{"start":{"line":83,"column":8},"end":{"line":83,"column":60}},"8":{"start":{"line":84,"column":8},"end":{"line":84,"column":58}},"9":{"start":{"line":85,"column":8},"end":{"line":85,"column":62}},"10":{"start":{"line":87,"column":8},"end":{"line":87,"column":75}},"11":{"start":{"line":88,"column":8},"end":{"line":88,"column":89}},"12":{"start":{"line":90,"column":8},"end":{"line":90,"column":60}},"13":{"start":{"line":91,"column":8},"end":{"line":91,"column":3887}},"14":{"start":{"line":94,"column":8},"end":{"line":94,"column":94}},"15":{"start":{"line":102,"column":8},"end":{"line":102,"column":4366}},"16":{"start":{"line":113,"column":8},"end":{"line":113,"column":57}},"17":{"start":{"line":115,"column":8},"end":{"line":115,"column":4690}},"18":{"start":{"line":127,"column":8},"end":{"line":127,"column":59}},"19":{"start":{"line":128,"column":8},"end":{"line":128,"column":51}},"20":{"start":{"line":133,"column":8},"end":{"line":133,"column":15}},"21":{"start":{"line":137,"column":8},"end":{"line":137,"column":17}},"22":{"start":{"line":141,"column":8},"end":{"line":141,"column":89}},"23":{"start":{"line":146,"column":8},"end":{"line":146,"column":57}},"24":{"start":{"line":147,"column":8},"end":{"line":147,"column":81}},"25":{"start":{"line":151,"column":8},"end":{"line":151,"column":78}}},"branchMap":{"1":{"line":56,"type":"if","locations":[{"start":{"line":56,"column":8},"end":{"line":56,"column":8}},{"start":{"line":56,"column":8},"end":{"line":56,"column":8}}]},"2":{"line":56,"type":"cond-expr","locations":[{"start":{"line":56,"column":12},"end":{"line":56,"column":30}},{"start":{"line":56,"column":35},"end":{"line":56,"column":57}}]},"3":{"line":56,"type":"cond-expr","locations":[{"start":{"line":56,"column":12},"end":{"line":56,"column":57}},{"start":{"line":56,"column":62},"end":{"line":56,"column":84}}]},"4":{"line":56,"type":"cond-expr","locations":[{"start":{"line":56,"column":12},"end":{"line":56,"column":84}},{"start":{"line":56,"column":89},"end":{"line":56,"column":117}}]},"5":{"line":59,"type":"if","locations":[{"start":{"line":59,"column":8},"end":{"line":59,"column":8}},{"start":{"line":59,"column":8},"end":{"line":59,"column":8}}]},"6":{"line":60,"type":"if","locations":[{"start":{"line":60,"column":8},"end":{"line":60,"column":8}},{"start":{"line":60,"column":8},"end":{"line":60,"column":8}}]},"7":{"line":81,"type":"if","locations":[{"start":{"line":81,"column":15},"end":{"line":81,"column":15}},{"start":{"line":81,"column":15},"end":{"line":81,"column":15}}]},"8":{"line":81,"type":"if","locations":[{"start":{"line":81,"column":29},"end":{"line":81,"column":29}},{"start":{"line":81,"column":29},"end":{"line":81,"column":29}}]},"9":{"line":82,"type":"if","locations":[{"start":{"line":82,"column":8},"end":{"line":82,"column":8}},{"start":{"line":82,"column":8},"end":{"line":82,"column":8}}]},"10":{"line":83,"type":"if","locations":[{"start":{"line":83,"column":8},"end":{"line":83,"column":8}},{"start":{"line":83,"column":8},"end":{"line":83,"column":8}}]},"11":{"line":84,"type":"if","locations":[{"start":{"line":84,"column":8},"end":{"line":84,"column":8}},{"start":{"line":84,"column":8},"end":{"line":84,"column":8}}]},"12":{"line":85,"type":"if","locations":[{"start":{"line":85,"column":8},"end":{"line":85,"column":8}},{"start":{"line":85,"column":8},"end":{"line":85,"column":8}}]},"13":{"line":88,"type":"if","locations":[{"start":{"line":88,"column":8},"end":{"line":88,"column":8}},{"start":{"line":88,"column":8},"end":{"line":88,"column":8}}]},"14":{"line":91,"type":"if","locations":[{"start":{"line":91,"column":8},"end":{"line":91,"column":8}},{"start":{"line":91,"column":8},"end":{"line":91,"column":8}}]},"15":{"line":94,"type":"if","locations":[{"start":{"line":94,"column":8},"end":{"line":94,"column":8}},{"start":{"line":94,"column":8},"end":{"line":94,"column":8}}]},"16":{"line":126,"type":"if","locations":[{"start":{"line":126,"column":55},"end":{"line":126,"column":55}},{"start":{"line":126,"column":55},"end":{"line":126,"column":55}}]},"17":{"line":127,"type":"if","locations":[{"start":{"line":127,"column":8},"end":{"line":127,"column":8}},{"start":{"line":127,"column":8},"end":{"line":127,"column":8}}]},"18":{"line":132,"type":"if","locations":[{"start":{"line":132,"column":30},"end":{"line":132,"column":30}},{"start":{"line":132,"column":30},"end":{"line":132,"column":30}}]},"19":{"line":136,"type":"if","locations":[{"start":{"line":136,"column":32},"end":{"line":136,"column":32}},{"start":{"line":136,"column":32},"end":{"line":136,"column":32}}]}}}}
