TN:
SF:/dev-server/contracts/contracts/test/Attackers.sol
FN:45,constructor
FN:49,mint
FN:64,onERC721Received
FN:77,createToken
FN:84,callFactory
FNF:5
FNH:4
FNDA:1,constructor
FNDA:1,mint
FNDA:1,onERC721Received
FNDA:0,createToken
FNDA:1,callFactory
DA:46,1
DA:57,1
DA:58,1
DA:59,1
DA:60,1
DA:61,1
DA:65,1
DA:66,1
DA:67,1
DA:68,0
DA:70,1
DA:73,1
DA:78,0
DA:85,1
LF:14
LH:12
BRDA:65,1,0,1
BRDA:65,1,1,0
BRF:2
BRH:1
end_of_record
TN:
SF:/dev-server/contracts/contracts/test/MockPositionManager.sol
FN:24,constructor
FN:26,mint
FN:31,setOwed
FN:36,setStealNftOnCollect
FN:40,setDrainLiquidityOnCollect
FN:44,collect
FN:56,positions
FNF:7
FNH:7
FNDA:13,constructor
FNDA:23,mint
FNDA:2,setOwed
FNDA:2,setStealNftOnCollect
FNDA:2,setDrainLiquidityOnCollect
FNDA:3,collect
FNDA:5,positions
DA:27,23
DA:28,23
DA:32,2
DA:33,2
DA:37,2
DA:41,2
DA:45,3
DA:46,3
DA:47,3
DA:48,3
DA:49,3
DA:50,3
DA:51,3
DA:52,1
DA:74,5
LF:15
LH:15
BRDA:46,1,0,0
BRDA:46,1,1,3
BRDA:47,2,0,0
BRDA:47,2,1,3
BRDA:50,3,0,1
BRDA:50,3,1,2
BRDA:51,4,0,1
BRDA:51,4,1,2
BRF:8
BRH:6
end_of_record
TN:
SF:/dev-server/contracts/contracts/test/MockSafe.sol
FN:9,constructor
FN:14,getThreshold
FN:18,getOwners
FNF:3
FNH:3
FNDA:4,constructor
FNDA:4,getThreshold
FNDA:4,getOwners
DA:10,4
DA:11,4
DA:15,4
DA:19,4
LF:4
LH:4
BRF:0
BRH:0
end_of_record
TN:
SF:/dev-server/contracts/contracts/YardCompanionToken.sol
FN:48,constructor
FN:65,initialize
FNF:2
FNH:2
FNDA:40,constructor
FNDA:17,initialize
DA:49,40
DA:66,17
DA:67,17
DA:68,16
DA:69,15
DA:71,13
DA:73,13
DA:74,13
DA:75,13
DA:76,13
DA:78,13
DA:79,13
DA:80,13
DA:81,2
DA:84,13
LF:15
LH:15
BRDA:65,1,0,17
BRDA:65,1,1,4
BRDA:66,2,0,0
BRDA:66,2,1,17
BRDA:66,3,0,0
BRDA:66,3,1,0
BRDA:66,4,0,0
BRDA:66,4,1,0
BRDA:67,5,0,1
BRDA:67,5,1,16
BRDA:68,6,0,1
BRDA:68,6,1,15
BRDA:69,7,0,2
BRDA:69,7,1,13
BRDA:69,8,0,1
BRDA:69,8,1,1
BRDA:80,9,0,2
BRDA:80,9,1,11
BRF:18
BRH:13
end_of_record
TN:
SF:/dev-server/contracts/contracts/YardLiquidityLocker.sol
FN:100,constructor
FN:112,lock
FN:123,onERC721Received
FN:144,_record
FN:170,collectFees
FN:203,collectedFees
FN:208,withdraw
FN:221,lockInfo
FN:228,isLocked
FNF:9
FNH:9
FNDA:14,constructor
FNDA:10,lock
FNDA:10,onERC721Received
FNDA:11,_record
FNDA:7,collectFees
FNDA:1,collectedFees
FNDA:8,withdraw
FNDA:2,lockInfo
FNDA:6,isLocked
DA:101,14
DA:102,13
DA:103,12
DA:113,10
DA:114,7
DA:115,7
DA:128,10
DA:129,9
DA:132,8
DA:133,1
DA:135,7
DA:136,7
DA:138,1
DA:139,1
DA:140,1
DA:141,1
DA:145,11
DA:146,11
DA:147,9
DA:148,1
DA:150,8
DA:151,8
DA:152,8
DA:159,8
DA:173,7
DA:174,7
DA:175,6
DA:176,5
DA:177,4
DA:178,3
DA:180,3
DA:183,3
DA:192,3
DA:193,2
DA:195,2
DA:197,1
DA:198,1
DA:199,1
DA:204,1
DA:209,8
DA:210,8
DA:211,7
DA:212,6
DA:213,5
DA:214,4
DA:216,3
DA:217,3
DA:218,3
DA:222,2
DA:223,2
DA:224,1
DA:229,6
DA:230,6
DA:231,4
LF:54
LH:54
BRDA:101,1,0,1
BRDA:101,1,1,13
BRDA:102,2,0,1
BRDA:102,2,1,12
BRDA:112,3,0,10
BRDA:112,3,1,0
BRDA:115,4,0,0
BRDA:115,4,1,7
BRDA:128,5,0,1
BRDA:128,5,1,9
BRDA:129,6,0,8
BRDA:129,6,1,1
BRDA:132,7,0,1
BRDA:132,7,1,7
BRDA:132,8,0,0
BRDA:132,8,1,1
BRDA:135,9,0,0
BRDA:135,9,1,7
BRDA:138,10,0,0
BRDA:138,10,1,1
BRDA:145,11,0,0
BRDA:145,11,1,11
BRDA:146,12,0,2
BRDA:146,12,1,9
BRDA:147,13,0,1
BRDA:147,13,1,8
BRDA:151,14,0,1
BRDA:151,14,1,7
BRDA:170,15,0,7
BRDA:170,15,1,0
BRDA:174,16,0,1
BRDA:174,16,1,6
BRDA:175,17,0,1
BRDA:175,17,1,5
BRDA:176,18,0,1
BRDA:176,18,1,4
BRDA:177,19,0,1
BRDA:177,19,1,3
BRDA:178,20,0,0
BRDA:178,20,1,3
BRDA:192,21,0,1
BRDA:192,21,1,2
BRDA:195,22,0,1
BRDA:195,22,1,1
BRDA:208,23,0,8
BRDA:208,23,1,0
BRDA:210,24,0,1
BRDA:210,24,1,7
BRDA:211,25,0,1
BRDA:211,25,1,6
BRDA:212,26,0,1
BRDA:212,26,1,5
BRDA:213,27,0,1
BRDA:213,27,1,4
BRDA:214,28,0,1
BRDA:214,28,1,3
BRDA:223,29,0,1
BRDA:223,29,1,1
BRDA:230,30,0,2
BRDA:230,30,1,4
BRDA:230,31,0,1
BRDA:230,31,1,1
BRF:62
BRH:53
end_of_record
TN:
SF:/dev-server/contracts/contracts/YardSaleAssetRegistry.sol
FN:107,constructor
FN:117,hashVoucher
FN:135,domainSeparator
FN:147,mintPassport
FN:198,isValidTransition
FN:215,setStatus
FN:228,setCompanionToken
FN:240,passportOfListing
FN:244,pause
FN:248,unpause
FN:252,passport
FN:257,companionTokenOf
FN:262,exists
FN:266,totalMinted
FN:270,tokenURI
FN:275,supportsInterface
FN:279,_requireMinted
FN:283,_update
FNF:18
FNH:18
FNDA:42,constructor
FNDA:28,hashVoucher
FNDA:2,domainSeparator
FNDA:38,mintPassport
FNDA:14,isValidTransition
FNDA:13,setStatus
FNDA:16,setCompanionToken
FNDA:3,passportOfListing
FNDA:3,pause
FNDA:3,unpause
FNDA:2,passport
FNDA:22,companionTokenOf
FNDA:1,exists
FNDA:2,totalMinted
FNDA:2,tokenURI
FNDA:5,supportsInterface
FNDA:55,_requireMinted
FNDA:25,_update
DA:109,42
DA:110,41
DA:111,41
DA:112,41
DA:113,41
DA:118,28
DA:136,2
DA:150,38
DA:151,38
DA:152,37
DA:153,36
DA:154,35
DA:155,34
DA:156,32
DA:157,31
DA:158,29
DA:160,28
DA:161,28
DA:163,23
DA:165,23
DA:166,23
DA:167,23
DA:175,23
DA:176,23
DA:178,23
DA:179,23
DA:199,14
DA:200,13
DA:201,3
DA:203,10
DA:204,2
DA:206,8
DA:207,2
DA:209,6
DA:210,1
DA:212,5
DA:216,13
DA:217,12
DA:218,12
DA:219,11
DA:220,4
DA:221,4
DA:230,16
DA:231,16
DA:232,15
DA:233,14
DA:234,14
DA:235,13
DA:236,13
DA:241,3
DA:245,3
DA:249,3
DA:253,2
DA:254,1
DA:258,22
DA:259,21
DA:263,1
DA:267,2
DA:271,2
DA:272,1
DA:276,5
DA:280,55
DA:284,25
LF:63
LH:63
BRDA:109,1,0,1
BRDA:109,1,1,41
BRDA:146,2,0,39
BRDA:146,2,1,1
BRDA:147,3,0,38
BRDA:147,3,1,1
BRDA:150,4,0,0
BRDA:150,4,1,38
BRDA:151,5,0,1
BRDA:151,5,1,37
BRDA:152,6,0,1
BRDA:152,6,1,36
BRDA:153,7,0,1
BRDA:153,7,1,35
BRDA:154,8,0,1
BRDA:154,8,1,34
BRDA:155,9,0,2
BRDA:155,9,1,32
BRDA:155,10,0,1
BRDA:155,10,1,1
BRDA:156,11,0,1
BRDA:156,11,1,31
BRDA:157,12,0,2
BRDA:157,12,1,29
BRDA:158,13,0,1
BRDA:158,13,1,28
BRDA:161,14,0,5
BRDA:161,14,1,23
BRDA:199,15,0,1
BRDA:199,15,1,13
BRDA:200,16,0,3
BRDA:200,16,1,10
BRDA:201,17,0,2
BRDA:201,17,1,0
BRDA:201,18,0,0
BRDA:201,18,1,0
BRDA:203,19,0,2
BRDA:203,19,1,8
BRDA:204,20,0,1
BRDA:204,20,1,0
BRDA:204,21,0,0
BRDA:204,21,1,0
BRDA:206,22,0,2
BRDA:206,22,1,6
BRDA:209,23,0,1
BRDA:209,23,1,5
BRDA:210,24,0,0
BRDA:210,24,1,1
BRDA:215,25,0,14
BRDA:215,25,1,1
BRDA:215,26,0,13
BRDA:215,26,1,1
BRDA:218,27,0,1
BRDA:218,27,1,11
BRDA:219,28,0,7
BRDA:219,28,1,4
BRDA:227,29,0,17
BRDA:227,29,1,3
BRDA:228,30,0,16
BRDA:228,30,1,1
BRDA:231,31,0,1
BRDA:231,31,1,15
BRDA:232,32,0,1
BRDA:232,32,1,14
BRDA:234,33,0,1
BRDA:234,33,1,13
BRDA:244,34,0,3
BRDA:244,34,1,3
BRDA:248,35,0,3
BRDA:248,35,1,0
BRDA:280,36,0,4
BRDA:280,36,1,51
BRDA:283,37,0,25
BRDA:283,37,1,1
BRF:74
BRH:65
end_of_record
TN:
SF:/dev-server/contracts/contracts/YardTokenFactory.sol
FN:55,constructor
FN:81,createCompanionToken
FN:126,setTreasury
FN:132,pause
FN:136,unpause
FN:140,predictTokenAddress
FN:145,isCompanionToken
FN:150,_salt
FNF:8
FNH:8
FNDA:46,constructor
FNDA:27,createCompanionToken
FNDA:2,setTreasury
FNDA:2,pause
FNDA:2,unpause
FNDA:3,predictTokenAddress
FNDA:2,isCompanionToken
FNDA:20,_salt
DA:56,46
DA:57,4
DA:59,42
DA:60,41
DA:62,40
DA:63,40
DA:64,40
DA:65,40
DA:66,40
DA:82,27
DA:83,26
DA:84,25
DA:85,24
DA:87,23
DA:88,22
DA:90,19
DA:91,19
DA:92,18
DA:94,19
DA:96,17
DA:99,17
DA:100,17
DA:102,17
DA:113,13
DA:115,11
DA:127,2
DA:128,1
DA:129,1
DA:133,2
DA:137,2
DA:141,3
DA:146,2
DA:147,2
DA:151,20
LF:34
LH:34
BRDA:56,1,0,4
BRDA:56,1,1,42
BRDA:56,2,0,1
BRDA:56,2,1,1
BRDA:56,3,0,1
BRDA:56,3,1,1
BRDA:56,4,0,1
BRDA:56,4,1,1
BRDA:59,5,0,1
BRDA:59,5,1,41
BRDA:60,6,0,1
BRDA:60,6,1,40
BRDA:81,7,0,27
BRDA:81,7,1,1
BRDA:81,8,0,27
BRDA:81,8,1,0
BRDA:82,9,0,1
BRDA:82,9,1,26
BRDA:83,10,0,1
BRDA:83,10,1,25
BRDA:84,11,0,1
BRDA:84,11,1,24
BRDA:85,12,0,1
BRDA:85,12,1,23
BRDA:88,13,0,3
BRDA:88,13,1,19
BRDA:91,14,0,18
BRDA:91,14,1,1
BRDA:94,15,0,2
BRDA:94,15,1,17
BRDA:126,16,0,2
BRDA:126,16,1,1
BRDA:127,17,0,1
BRDA:127,17,1,1
BRDA:132,18,0,2
BRDA:132,18,1,2
BRDA:136,19,0,2
BRDA:136,19,1,0
BRF:38
BRH:36
end_of_record
